Performing C SOURCE FILE Test CMAKE_HAVE_LIBC_PTHREAD failed with the following output:
Change Dir: /home/ohb/abb_ws/build/CMakeFiles/CMakeTmp

Run Build Command(s):/usr/bin/make cmTC_e2145/fast && /usr/bin/make -f CMakeFiles/cmTC_e2145.dir/build.make CMakeFiles/cmTC_e2145.dir/build
make[1]: 进入目录“/home/ohb/abb_ws/build/CMakeFiles/CMakeTmp”
Building C object CMakeFiles/cmTC_e2145.dir/src.c.o
/usr/bin/cc   -DCMAKE_HAVE_LIBC_PTHREAD   -o CMakeFiles/cmTC_e2145.dir/src.c.o   -c /home/ohb/abb_ws/build/CMakeFiles/CMakeTmp/src.c
Linking C executable cmTC_e2145
/usr/bin/cmake -E cmake_link_script CMakeFiles/cmTC_e2145.dir/link.txt --verbose=1
/usr/bin/cc  -DCMAKE_HAVE_LIBC_PTHREAD    -rdynamic CMakeFiles/cmTC_e2145.dir/src.c.o  -o cmTC_e2145 
/usr/bin/ld: CMakeFiles/cmTC_e2145.dir/src.c.o: in function `main':
src.c:(.text+0x46): undefined reference to `pthread_create'
/usr/bin/ld: src.c:(.text+0x52): undefined reference to `pthread_detach'
/usr/bin/ld: src.c:(.text+0x63): undefined reference to `pthread_join'
collect2: error: ld returned 1 exit status
make[1]: *** [CMakeFiles/cmTC_e2145.dir/build.make:87：cmTC_e2145] 错误 1
make[1]: 离开目录“/home/ohb/abb_ws/build/CMakeFiles/CMakeTmp”
make: *** [Makefile:121：cmTC_e2145/fast] 错误 2


Source file was:
#include <pthread.h>

void* test_func(void* data)
{
  return data;
}

int main(void)
{
  pthread_t thread;
  pthread_create(&thread, NULL, test_func, NULL);
  pthread_detach(thread);
  pthread_join(thread, NULL);
  pthread_atfork(NULL, NULL, NULL);
  pthread_exit(NULL);

  return 0;
}

Determining if the function pthread_create exists in the pthreads failed with the following output:
Change Dir: /home/ohb/abb_ws/build/CMakeFiles/CMakeTmp

Run Build Command(s):/usr/bin/make cmTC_a27df/fast && /usr/bin/make -f CMakeFiles/cmTC_a27df.dir/build.make CMakeFiles/cmTC_a27df.dir/build
make[1]: 进入目录“/home/ohb/abb_ws/build/CMakeFiles/CMakeTmp”
Building C object CMakeFiles/cmTC_a27df.dir/CheckFunctionExists.c.o
/usr/bin/cc   -DCHECK_FUNCTION_EXISTS=pthread_create   -o CMakeFiles/cmTC_a27df.dir/CheckFunctionExists.c.o   -c /usr/share/cmake-3.16/Modules/CheckFunctionExists.c
Linking C executable cmTC_a27df
/usr/bin/cmake -E cmake_link_script CMakeFiles/cmTC_a27df.dir/link.txt --verbose=1
/usr/bin/cc  -DCHECK_FUNCTION_EXISTS=pthread_create    -rdynamic CMakeFiles/cmTC_a27df.dir/CheckFunctionExists.c.o  -o cmTC_a27df  -lpthreads 
/usr/bin/ld: 找不到 -lpthreads
collect2: error: ld returned 1 exit status
make[1]: *** [CMakeFiles/cmTC_a27df.dir/build.make:87：cmTC_a27df] 错误 1
make[1]: 离开目录“/home/ohb/abb_ws/build/CMakeFiles/CMakeTmp”
make: *** [Makefile:121：cmTC_a27df/fast] 错误 2



Determining if the function sgemm_ exists failed with the following output:
Change Dir: /home/ohb/abb_ws/build/CMakeFiles/CMakeTmp

Run Build Command(s):/usr/bin/make cmTC_d5106/fast && /usr/bin/make -f CMakeFiles/cmTC_d5106.dir/build.make CMakeFiles/cmTC_d5106.dir/build
make[1]: 进入目录“/home/ohb/abb_ws/build/CMakeFiles/CMakeTmp”
Building C object CMakeFiles/cmTC_d5106.dir/CheckFunctionExists.c.o
/usr/bin/cc   -DCHECK_FUNCTION_EXISTS=sgemm_   -o CMakeFiles/cmTC_d5106.dir/CheckFunctionExists.c.o   -c /usr/share/cmake-3.16/Modules/CheckFunctionExists.c
Linking C executable cmTC_d5106
/usr/bin/cmake -E cmake_link_script CMakeFiles/cmTC_d5106.dir/link.txt --verbose=1
/usr/bin/cc  -DCHECK_FUNCTION_EXISTS=sgemm_    -rdynamic CMakeFiles/cmTC_d5106.dir/CheckFunctionExists.c.o  -o cmTC_d5106 
/usr/bin/ld: CMakeFiles/cmTC_d5106.dir/CheckFunctionExists.c.o: in function `main':
CheckFunctionExists.c:(.text+0x14): undefined reference to `sgemm_'
collect2: error: ld returned 1 exit status
make[1]: *** [CMakeFiles/cmTC_d5106.dir/build.make:87：cmTC_d5106] 错误 1
make[1]: 离开目录“/home/ohb/abb_ws/build/CMakeFiles/CMakeTmp”
make: *** [Makefile:121：cmTC_d5106/fast] 错误 2



Determining if the function cheev_ exists failed with the following output:
Change Dir: /home/ohb/abb_ws/build/CMakeFiles/CMakeTmp

Run Build Command(s):/usr/bin/make cmTC_25a32/fast && /usr/bin/make -f CMakeFiles/cmTC_25a32.dir/build.make CMakeFiles/cmTC_25a32.dir/build
make[1]: 进入目录“/home/ohb/abb_ws/build/CMakeFiles/CMakeTmp”
Building C object CMakeFiles/cmTC_25a32.dir/CheckFunctionExists.c.o
/usr/bin/cc   -DCHECK_FUNCTION_EXISTS=cheev_   -o CMakeFiles/cmTC_25a32.dir/CheckFunctionExists.c.o   -c /usr/share/cmake-3.16/Modules/CheckFunctionExists.c
Linking C executable cmTC_25a32
/usr/bin/cmake -E cmake_link_script CMakeFiles/cmTC_25a32.dir/link.txt --verbose=1
/usr/bin/cc  -DCHECK_FUNCTION_EXISTS=cheev_    -rdynamic CMakeFiles/cmTC_25a32.dir/CheckFunctionExists.c.o  -o cmTC_25a32  /usr/lib/x86_64-linux-gnu/libblas.so 
/usr/bin/ld: CMakeFiles/cmTC_25a32.dir/CheckFunctionExists.c.o: in function `main':
CheckFunctionExists.c:(.text+0x14): undefined reference to `cheev_'
collect2: error: ld returned 1 exit status
make[1]: *** [CMakeFiles/cmTC_25a32.dir/build.make:88：cmTC_25a32] 错误 1
make[1]: 离开目录“/home/ohb/abb_ws/build/CMakeFiles/CMakeTmp”
make: *** [Makefile:121：cmTC_25a32/fast] 错误 2



